INFO:app:Error processing language fr: can only concatenate str (not "int") to str
INFO:app:Error processing language en: can only concatenate str (not "int") to str
INFO:app:Error processing language fr: can only concatenate str (not "int") to str
INFO:app:Error processing language en: can only concatenate str (not "int") to str
INFO:app:Error processing language fr: can only concatenate str (not "int") to str
INFO:app:Error processing language en: can only concatenate str (not "int") to str
INFO:app:Error processing language fr: can only concatenate str (not "int") to str
INFO:app:Error processing language en: can only concatenate str (not "int") to str
INFO:app:fr
INFO:app:Error processing language fr: can only concatenate str (not "int") to str
INFO:app:en
INFO:app:Error processing language en: can only concatenate str (not "int") to str
INFO:app:fr
INFO:app:Error processing language fr: can only concatenate str (not "int") to str
INFO:app:en
INFO:app:Error processing language en: can only concatenate str (not "int") to str
INFO:app:fr
INFO:app:Language Tool Status Code: 200
INFO:app:Language: fr
INFO:app:Original text: Bonjourr j'aime bien les laks
INFO:app:Text after corrections: Bonjour, j'aime bien les la ks
INFO:app:Final corrections:
INFO:app:  Error: Bonjourr
INFO:app:    Correction: Bonjour
INFO:app:  Error:  j'
INFO:app:    Correction: , j'
INFO:app:  Error: laks
INFO:app:    Correction: la ks
INFO:app:en
INFO:app:Language Tool Status Code: 200
INFO:app:Language: en
INFO:app:Original text: Helloooo what's your naame?
INFO:app:Text after corrections: Helloooo what's your naame?
INFO:app:Final corrections:
INFO:app:  No corrections found.
INFO:app:Language Tool Status Code: 200
INFO:app:Language: fr
INFO:app:Original text: Bonjourr j'aime bien les laks
INFO:app:Text after corrections: Bonjour, j'aime bien les la ks
INFO:app:Final corrections:
INFO:app:  Error: Bonjourr
INFO:app:    Correction: Bonjour
INFO:app:  Error:  j'
INFO:app:    Correction: , j'
INFO:app:  Error: laks
INFO:app:    Correction: la ks
INFO:app:Language Tool Status Code: 200
INFO:app:Language: en
INFO:app:Original text: Helloooo what's your naame?
INFO:app:Text after corrections: Helloooo what's your naame?
INFO:app:Final corrections:
INFO:app:  No corrections found.
